#
# There is insufficient memory for the Java Runtime Environment to continue.
# Native memory allocation (malloc) failed to allocate 3160208 bytes for Chunk::new
# Possible reasons:
#   The system is out of physical RAM or swap space
#   In 32 bit mode, the process size limit was hit
# Possible solutions:
#   Reduce memory load on the system
#   Increase physical memory or swap space
#   Check if swap backing store is full
#   Use 64 bit Java on a 64 bit OS
#   Decrease Java heap size (-Xmx/-Xms)
#   Decrease number of Java threads
#   Decrease Java thread stack sizes (-Xss)
#   Set larger code cache with -XX:ReservedCodeCacheSize=
# This output file may be truncated or incomplete.
#
#  Out of Memory Error (allocation.cpp:390), pid=67312, tid=0x000000000000f55c
#
# JRE version: Java(TM) SE Runtime Environment (8.0_181-b13) (build 1.8.0_181-b13)
# Java VM: Java HotSpot(TM) 64-Bit Server VM (25.181-b13 mixed mode windows-amd64 compressed oops)
# Failed to write core dump. Minidumps are not enabled by default on client versions of Windows
#

---------------  T H R E A D  ---------------

Current thread (0x000000001aac7000):  JavaThread "C2 CompilerThread0" daemon [_thread_in_native, id=62812, stack(0x000000001b410000,0x000000001b510000)]

Stack: [0x000000001b410000,0x000000001b510000]
[error occurred during error reporting (printing stack bounds), id 0xc0000005]

Native frames: (J=compiled Java code, j=interpreted, Vv=VM code, C=native code)


Current CompileTask:
C2:  30926 11511   !   4       java.net.URLClassLoader$1::run (63 bytes)


---------------  P R O C E S S  ---------------

Java Threads: ( => current thread )
  0x000000002188b000 JavaThread "Exec process Thread 3" [_thread_in_native, id=66448, stack(0x000000002b950000,0x000000002ba50000)]
  0x0000000021889800 JavaThread "Exec process Thread 2" [_thread_in_native, id=55252, stack(0x000000002b850000,0x000000002b950000)]
  0x0000000021884000 JavaThread "Exec process" [_thread_in_native, id=62348, stack(0x000000002b750000,0x000000002b850000)]
  0x000000001d824000 JavaThread "Cache worker for execution history cache (D:\jxh\code\self\cloud-platform\.gradle\6.3\executionHistory)" [_thread_blocked, id=49252, stack(0x000000002ab90000,0x000000002ac90000)]
  0x0000000027af6000 JavaThread "Execution worker for ':' Thread 7" [_thread_blocked, id=68604, stack(0x000000002aa90000,0x000000002ab90000)]
  0x0000000027af4800 JavaThread "Execution worker for ':' Thread 6" [_thread_blocked, id=54484, stack(0x000000002a990000,0x000000002aa90000)]
  0x0000000027af4000 JavaThread "Execution worker for ':' Thread 5" [_thread_blocked, id=65004, stack(0x000000002a890000,0x000000002a990000)]
  0x0000000027af3000 JavaThread "Execution worker for ':' Thread 4" [_thread_blocked, id=51572, stack(0x000000002a790000,0x000000002a890000)]
  0x0000000027af5800 JavaThread "Execution worker for ':' Thread 3" [_thread_blocked, id=58532, stack(0x000000002a690000,0x000000002a790000)]
  0x0000000027af7000 JavaThread "Execution worker for ':' Thread 2" [_thread_blocked, id=55656, stack(0x000000002a590000,0x000000002a690000)]
  0x0000000027af2800 JavaThread "Execution worker for ':'" [_thread_blocked, id=65448, stack(0x000000002a490000,0x000000002a590000)]
  0x0000000027af1800 JavaThread "Cache worker for file content cache (D:\jxh\code\self\cloud-platform\.gradle\6.3\fileContent)" [_thread_blocked, id=67332, stack(0x000000002a390000,0x000000002a490000)]
  0x0000000027aea000 JavaThread "Cache worker for file content cache (C:\Users\ly-jiangxh\.gradle\caches\6.3\fileContent)" [_thread_blocked, id=64916, stack(0x000000002a290000,0x000000002a390000)]
  0x0000000027af1000 JavaThread "Memory manager" [_thread_blocked, id=68248, stack(0x0000000028f70000,0x0000000029070000)]
  0x0000000027af0000 JavaThread "Cache worker for Build Output Cleanup Cache (D:\jxh\code\self\cloud-platform\.gradle\buildOutputCleanup)" [_thread_blocked, id=62016, stack(0x0000000028a70000,0x0000000028b70000)]
  0x0000000027aee000 JavaThread "Build operations Thread 8" [_thread_blocked, id=63944, stack(0x0000000028970000,0x0000000028a70000)]
  0x0000000027ae8800 JavaThread "Build operations Thread 7" [_thread_blocked, id=19244, stack(0x0000000028870000,0x0000000028970000)]
  0x0000000027aec800 JavaThread "Build operations Thread 6" [_thread_blocked, id=65912, stack(0x0000000028770000,0x0000000028870000)]
  0x0000000027aef800 JavaThread "Build operations Thread 5" [_thread_blocked, id=64172, stack(0x0000000028670000,0x0000000028770000)]
  0x0000000027aeb800 JavaThread "Build operations Thread 4" [_thread_blocked, id=11188, stack(0x0000000028570000,0x0000000028670000)]
  0x0000000027aeb000 JavaThread "Build operations Thread 3" [_thread_blocked, id=61204, stack(0x0000000028240000,0x0000000028340000)]
  0x0000000027aed000 JavaThread "Build operations Thread 2" [_thread_blocked, id=9164, stack(0x0000000026b50000,0x0000000026c50000)]
  0x0000000027ae8000 JavaThread "Build operations" [_thread_blocked, id=32276, stack(0x00000000245c0000,0x00000000246c0000)]
  0x000000001d82a800 JavaThread "Cache worker for execution history cache (C:\Users\ly-jiangxh\.gradle\caches\6.3\executionHistory)" [_thread_blocked, id=40432, stack(0x00000000230d0000,0x00000000231d0000)]
  0x000000001d829000 JavaThread "Cache worker for cache directory md-rule (C:\Users\ly-jiangxh\.gradle\caches\6.3\md-rule)" [_thread_blocked, id=66752, stack(0x0000000022fd0000,0x00000000230d0000)]
  0x000000001d828000 JavaThread "Cache worker for cache directory md-supplier (C:\Users\ly-jiangxh\.gradle\caches\6.3\md-supplier)" [_thread_blocked, id=60980, stack(0x0000000022ed0000,0x0000000022fd0000)]
  0x000000001d827000 JavaThread "Cache worker for file hash cache (D:\jxh\code\self\cloud-platform\.gradle\6.3\fileHashes)" [_thread_blocked, id=66908, stack(0x0000000022bd0000,0x0000000022cd0000)]
  0x000000001d829800 JavaThread "Cache worker for checksums cache (D:\jxh\code\self\cloud-platform\.gradle\checksums)" [_thread_blocked, id=52756, stack(0x0000000022ad0000,0x0000000022bd0000)]
  0x000000001d826800 JavaThread "Cache worker for file hash cache (C:\Users\ly-jiangxh\.gradle\caches\6.3\fileHashes)" [_thread_blocked, id=60044, stack(0x000000001f660000,0x000000001f760000)]
  0x000000001d825800 JavaThread "File lock request listener" [_thread_in_native, id=68356, stack(0x000000001f560000,0x000000001f660000)]
  0x000000001d825000 JavaThread "Cache worker for journal cache (C:\Users\ly-jiangxh\.gradle\caches\journal-1)" [_thread_blocked, id=66788, stack(0x000000001f460000,0x000000001f560000)]
  0x000000001d75a800 JavaThread "Thread-9" [_thread_blocked, id=63592, stack(0x000000001f160000,0x000000001f260000)]
  0x000000001d6f3800 JavaThread "Stdin handler" [_thread_blocked, id=66940, stack(0x000000001f060000,0x000000001f160000)]
  0x000000001d6f0000 JavaThread "Asynchronous log dispatcher for DefaultDaemonConnection: socket connection from /127.0.0.1:58653 to /127.0.0.1:58654" [_thread_blocked, id=59856, stack(0x000000001ef60000,0x000000001f060000)]
  0x000000001d6e4000 JavaThread "Daemon worker" [_thread_blocked, id=1140, stack(0x000000001ee60000,0x000000001ef60000)]
  0x000000001d6ad800 JavaThread "Cancel handler" [_thread_blocked, id=66668, stack(0x000000001ed60000,0x000000001ee60000)]
  0x000000001d6bb000 JavaThread "Handler for socket connection from /127.0.0.1:58653 to /127.0.0.1:58654" [_thread_in_native, id=66796, stack(0x000000001ec60000,0x000000001ed60000)]
  0x000000001d6b7800 JavaThread "Daemon" [_thread_blocked, id=67232, stack(0x000000001eb60000,0x000000001ec60000)]
  0x000000001d689000 JavaThread "Daemon periodic checks" [_thread_blocked, id=62796, stack(0x000000001e860000,0x000000001e960000)]
  0x000000001d683800 JavaThread "Incoming local TCP Connector on port 58653" [_thread_in_native, id=67344, stack(0x000000001e6b0000,0x000000001e7b0000)]
  0x000000001d599800 JavaThread "Daemon health stats" [_thread_blocked, id=59352, stack(0x000000001e4b0000,0x000000001e5b0000)]
  0x000000001ab2e000 JavaThread "Service Thread" daemon [_thread_blocked, id=68376, stack(0x000000001b810000,0x000000001b910000)]
  0x000000001ab29800 JavaThread "C1 CompilerThread3" daemon [_thread_blocked, id=64624, stack(0x000000001b710000,0x000000001b810000)]
  0x000000001aad9000 JavaThread "C2 CompilerThread2" daemon [_thread_in_native, id=52732, stack(0x000000001b610000,0x000000001b710000)]
  0x000000001aac8000 JavaThread "C2 CompilerThread1" daemon [_thread_blocked, id=66488, stack(0x000000001b510000,0x000000001b610000)]
=>0x000000001aac7000 JavaThread "C2 CompilerThread0" daemon [_thread_in_native, id=62812, stack(0x000000001b410000,0x000000001b510000)]
  0x000000001aabf000 JavaThread "JDWP Command Reader" daemon [_thread_in_native, id=47804, stack(0x000000001b310000,0x000000001b410000)]
  0x000000001aab2800 JavaThread "JDWP Event Helper Thread" daemon [_thread_blocked, id=47792, stack(0x000000001b210000,0x000000001b310000)]
  0x000000001aaa8800 JavaThread "JDWP Transport Listener: dt_socket" daemon [_thread_blocked, id=65600, stack(0x000000001b110000,0x000000001b210000)]
  0x000000001aa48800 JavaThread "Attach Listener" daemon [_thread_blocked, id=68564, stack(0x000000001b010000,0x000000001b110000)]
  0x000000001aaa3800 JavaThread "Signal Dispatcher" daemon [_thread_blocked, id=68320, stack(0x000000001af10000,0x000000001b010000)]
  0x000000001aa30800 JavaThread "Finalizer" daemon [_thread_blocked, id=67368, stack(0x000000001ae10000,0x000000001af10000)]
  0x00000000039f9000 JavaThread "Reference Handler" daemon [_thread_blocked, id=23444, stack(0x000000001a910000,0x000000001aa10000)]
  0x0000000003903800 JavaThread "main" [_thread_blocked, id=26884, stack(0x0000000003750000,0x0000000003850000)]

Other Threads:
  0x0000000018b39800 VMThread [stack: 0x000000001a810000,0x000000001a910000] [id=63416]
  0x000000001ab4d800 WatcherThread [stack: 0x000000001ba10000,0x000000001bb10000] [id=60176]

VM state:not at safepoint (normal execution)

VM Mutex/Monitor currently owned by a thread: None

Heap:
 PSYoungGen      total 258560K, used 189131K [0x00000000d5580000, 0x00000000e6680000, 0x0000000100000000)
  eden space 240640K, 78% used [0x00000000d5580000,0x00000000e0e32e38,0x00000000e4080000)
  from space 17920K, 0% used [0x00000000e5500000,0x00000000e5500000,0x00000000e6680000)
  to   space 19456K, 0% used [0x00000000e4080000,0x00000000e4080000,0x00000000e5380000)
 ParOldGen       total 160768K, used 67032K [0x0000000080000000, 0x0000000089d00000, 0x00000000d5580000)
  object space 160768K, 41% used [0x0000000080000000,0x0000000084176108,0x0000000089d00000)
 Metaspace       used 55037K, capacity 58058K, committed 58240K, reserved 1099776K
  class space    used 7191K, capacity 7744K, committed 7808K, reserved 1048576K

Card table byte_map: [0x0000000012e90000,0x00000000132a0000] byte_map_base: 0x0000000012a90000

Marking Bits: (ParMarkBitMap*) 0x000000006c092d00
 Begin Bits: [0x0000000013d50000, 0x0000000015d50000)
 End Bits:   [0x0000000015d50000, 0x0000000017d50000)

Polling page: 0x0000000000e80000

CodeCache: size=245760Kb used=38622Kb max_used=38882Kb free=207137Kb
 bounds [0x0000000003ad0000, 0x0000000006120000, 0x0000000012ad0000]
 total_blobs=10765 nmethods=10010 adapters=672
 compilation: enabled

Compilation events (10 events):
Event: 30.466 Thread 0x000000001aac8000 11510       4       sun.invoke.util.VerifyAccess::isSamePackage (114 bytes)
Event: 30.482 Thread 0x000000001aac8000 nmethod 11510 0x0000000004c08a10 code [0x0000000004c08b80, 0x0000000004c093d8]
Event: 30.483 Thread 0x000000001aac8000 11546       4       org.codehaus.groovy.util.ComplexKeyHashMap$1::hasNext (13 bytes)
Event: 30.484 Thread 0x000000001aac8000 nmethod 11546 0x00000000051a6850 code [0x00000000051a6980, 0x00000000051a69f8]
Event: 30.485 Thread 0x000000001aac8000 11544       4       java.lang.reflect.Modifier::toString (202 bytes)
Event: 30.516 Thread 0x000000001aac8000 nmethod 11544 0x00000000052de550 code [0x00000000052de740, 0x00000000052df948]
Event: 30.517 Thread 0x000000001aac8000 11527       4       com.google.common.collect.ImmutableSet::<init> (5 bytes)
Event: 30.518 Thread 0x000000001aac8000 nmethod 11527 0x00000000051aa510 code [0x00000000051aa640, 0x00000000051aa698]
Event: 30.519 Thread 0x000000001aac8000 11525       4       java.net.URLStreamHandler::toExternalForm (219 bytes)
Event: 30.530 Thread 0x000000001aac8000 nmethod 11525 0x00000000051e9b10 code [0x00000000051e9cc0, 0x00000000051ea768]

GC Heap History (10 events):
Event: 22.044 GC heap before
{Heap before GC invocations=13 (full 2):
 PSYoungGen      total 155136K, used 155106K [0x00000000d5580000, 0x00000000dfd00000, 0x0000000100000000)
  eden space 143872K, 100% used [0x00000000d5580000,0x00000000de200000,0x00000000de200000)
  from space 11264K, 99% used [0x00000000def00000,0x00000000df9f8b90,0x00000000dfa00000)
  to   space 13312K, 0% used [0x00000000de200000,0x00000000de200000,0x00000000def00000)
 ParOldGen       total 78336K, used 18151K [0x0000000080000000, 0x0000000084c80000, 0x00000000d5580000)
  object space 78336K, 23% used [0x0000000080000000,0x00000000811b9cd0,0x0000000084c80000)
 Metaspace       used 51924K, capacity 54760K, committed 55040K, reserved 1097728K
  class space    used 7048K, capacity 7597K, committed 7680K, reserved 1048576K
Event: 22.072 GC heap after
Heap after GC invocations=13 (full 2):
 PSYoungGen      total 157184K, used 13280K [0x00000000d5580000, 0x00000000e3500000, 0x0000000100000000)
  eden space 143872K, 0% used [0x00000000d5580000,0x00000000d5580000,0x00000000de200000)
  from space 13312K, 99% used [0x00000000de200000,0x00000000deef80a0,0x00000000def00000)
  to   space 20992K, 0% used [0x00000000e2080000,0x00000000e2080000,0x00000000e3500000)
 ParOldGen       total 78336K, used 35380K [0x0000000080000000, 0x0000000084c80000, 0x00000000d5580000)
  object space 78336K, 45% used [0x0000000080000000,0x000000008228d0e8,0x0000000084c80000)
 Metaspace       used 51924K, capacity 54760K, committed 55040K, reserved 1097728K
  class space    used 7048K, capacity 7597K, committed 7680K, reserved 1048576K
}
Event: 24.626 GC heap before
{Heap before GC invocations=14 (full 2):
 PSYoungGen      total 157184K, used 157149K [0x00000000d5580000, 0x00000000e3500000, 0x0000000100000000)
  eden space 143872K, 99% used [0x00000000d5580000,0x00000000de1ff450,0x00000000de200000)
  from space 13312K, 99% used [0x00000000de200000,0x00000000deef80a0,0x00000000def00000)
  to   space 20992K, 0% used [0x00000000e2080000,0x00000000e2080000,0x00000000e3500000)
 ParOldGen       total 78336K, used 35380K [0x0000000080000000, 0x0000000084c80000, 0x00000000d5580000)
  object space 78336K, 45% used [0x0000000080000000,0x000000008228d0e8,0x0000000084c80000)
 Metaspace       used 52905K, capacity 55766K, committed 56064K, reserved 1097728K
  class space    used 7065K, capacity 7600K, committed 7680K, reserved 1048576K
Event: 24.661 GC heap after
Heap after GC invocations=14 (full 2):
 PSYoungGen      total 207872K, used 11360K [0x00000000d5580000, 0x00000000e3480000, 0x0000000100000000)
  eden space 187392K, 0% used [0x00000000d5580000,0x00000000d5580000,0x00000000e0c80000)
  from space 20480K, 55% used [0x00000000e2080000,0x00000000e2b98080,0x00000000e3480000)
  to   space 20480K, 0% used [0x00000000e0c80000,0x00000000e0c80000,0x00000000e2080000)
 ParOldGen       total 78336K, used 48428K [0x0000000080000000, 0x0000000084c80000, 0x00000000d5580000)
  object space 78336K, 61% used [0x0000000080000000,0x0000000082f4b058,0x0000000084c80000)
 Metaspace       used 52905K, capacity 55766K, committed 56064K, reserved 1097728K
  class space    used 7065K, capacity 7600K, committed 7680K, reserved 1048576K
}
Event: 26.825 GC heap before
{Heap before GC invocations=15 (full 2):
 PSYoungGen      total 207872K, used 198752K [0x00000000d5580000, 0x00000000e3480000, 0x0000000100000000)
  eden space 187392K, 100% used [0x00000000d5580000,0x00000000e0c80000,0x00000000e0c80000)
  from space 20480K, 55% used [0x00000000e2080000,0x00000000e2b98080,0x00000000e3480000)
  to   space 20480K, 0% used [0x00000000e0c80000,0x00000000e0c80000,0x00000000e2080000)
 ParOldGen       total 78336K, used 48428K [0x0000000080000000, 0x0000000084c80000, 0x00000000d5580000)
  object space 78336K, 61% used [0x0000000080000000,0x0000000082f4b058,0x0000000084c80000)
 Metaspace       used 54022K, capacity 57030K, committed 57088K, reserved 1099776K
  class space    used 7111K, capacity 7672K, committed 7680K, reserved 1048576K
Event: 26.845 GC heap after
Heap after GC invocations=15 (full 2):
 PSYoungGen      total 207872K, used 7680K [0x00000000d5580000, 0x00000000e6880000, 0x0000000100000000)
  eden space 187392K, 0% used [0x00000000d5580000,0x00000000d5580000,0x00000000e0c80000)
  from space 20480K, 37% used [0x00000000e0c80000,0x00000000e1400020,0x00000000e2080000)
  to   space 19968K, 0% used [0x00000000e5500000,0x00000000e5500000,0x00000000e6880000)
 ParOldGen       total 78336K, used 58300K [0x0000000080000000, 0x0000000084c80000, 0x00000000d5580000)
  object space 78336K, 74% used [0x0000000080000000,0x00000000838ef118,0x0000000084c80000)
 Metaspace       used 54022K, capacity 57030K, committed 57088K, reserved 1099776K
  class space    used 7111K, capacity 7672K, committed 7680K, reserved 1048576K
}
Event: 28.786 GC heap before
{Heap before GC invocations=16 (full 2):
 PSYoungGen      total 207872K, used 195072K [0x00000000d5580000, 0x00000000e6880000, 0x0000000100000000)
  eden space 187392K, 100% used [0x00000000d5580000,0x00000000e0c80000,0x00000000e0c80000)
  from space 20480K, 37% used [0x00000000e0c80000,0x00000000e1400020,0x00000000e2080000)
  to   space 19968K, 0% used [0x00000000e5500000,0x00000000e5500000,0x00000000e6880000)
 ParOldGen       total 78336K, used 58300K [0x0000000080000000, 0x0000000084c80000, 0x00000000d5580000)
  object space 78336K, 74% used [0x0000000080000000,0x00000000838ef118,0x0000000084c80000)
 Metaspace       used 54433K, capacity 57460K, committed 57600K, reserved 1099776K
  class space    used 7116K, capacity 7679K, committed 7680K, reserved 1048576K
Event: 28.805 GC heap after
Heap after GC invocations=16 (full 2):
 PSYoungGen      total 258560K, used 11456K [0x00000000d5580000, 0x00000000e6680000, 0x0000000100000000)
  eden space 240640K, 0% used [0x00000000d5580000,0x00000000d5580000,0x00000000e4080000)
  from space 17920K, 63% used [0x00000000e5500000,0x00000000e6030000,0x00000000e6680000)
  to   space 19456K, 0% used [0x00000000e4080000,0x00000000e4080000,0x00000000e5380000)
 ParOldGen       total 78336K, used 65284K [0x0000000080000000, 0x0000000084c80000, 0x00000000d5580000)
  object space 78336K, 83% used [0x0000000080000000,0x0000000083fc1188,0x0000000084c80000)
 Metaspace       used 54433K, capacity 57460K, committed 57600K, reserved 1099776K
  class space    used 7116K, capacity 7679K, committed 7680K, reserved 1048576K
}
Event: 28.805 GC heap before
{Heap before GC invocations=17 (full 3):
 PSYoungGen      total 258560K, used 11456K [0x00000000d5580000, 0x00000000e6680000, 0x0000000100000000)
  eden space 240640K, 0% used [0x00000000d5580000,0x00000000d5580000,0x00000000e4080000)
  from space 17920K, 63% used [0x00000000e5500000,0x00000000e6030000,0x00000000e6680000)
  to   space 19456K, 0% used [0x00000000e4080000,0x00000000e4080000,0x00000000e5380000)
 ParOldGen       total 78336K, used 65284K [0x0000000080000000, 0x0000000084c80000, 0x00000000d5580000)
  object space 78336K, 83% used [0x0000000080000000,0x0000000083fc1188,0x0000000084c80000)
 Metaspace       used 54433K, capacity 57460K, committed 57600K, reserved 1099776K
  class space    used 7116K, capacity 7679K, committed 7680K, reserved 1048576K
Event: 29.228 GC heap after
Heap after GC invocations=17 (full 3):
 PSYoungGen      total 258560K, used 0K [0x00000000d5580000, 0x00000000e6680000, 0x0000000100000000)
  eden space 240640K, 0% used [0x00000000d5580000,0x00000000d5580000,0x00000000e4080000)
  from space 17920K, 0% used [0x00000000e5500000,0x00000000e5500000,0x00000000e6680000)
  to   space 19456K, 0% used [0x00000000e4080000,0x00000000e4080000,0x00000000e5380000)
 ParOldGen       total 160768K, used 67032K [0x0000000080000000, 0x0000000089d00000, 0x00000000d5580000)
  object space 160768K, 41% used [0x0000000080000000,0x0000000084176108,0x0000000089d00000)
 Metaspace       used 54167K, capacity 57084K, committed 57600K, reserved 1099776K
  class space    used 7058K, capacity 7591K, committed 7680K, reserved 1048576K
}

Deoptimization events (10 events):
Event: 30.270 Thread 0x0000000027af5800 Uncommon trap: reason=unstable_if action=reinterpret pc=0x0000000004a316fc method=org.gradle.api.internal.file.FileOrUriNotationConverter.convert(Ljava/lang/Object;Lorg/gradle/internal/typeconversion/NotationConvertResult;)V @ 207
Event: 30.275 Thread 0x0000000027af5800 Uncommon trap: reason=class_check action=maybe_recompile pc=0x0000000004f566c8 method=java.util.Collections$SetFromMap.remove(Ljava/lang/Object;)Z @ 5
Event: 30.275 Thread 0x0000000027af5800 Uncommon trap: reason=class_check action=maybe_recompile pc=0x0000000004f4f404 method=java.util.Collections$SetFromMap.add(Ljava/lang/Object;)Z @ 8
Event: 30.289 Thread 0x0000000027af5800 Uncommon trap: reason=class_check action=maybe_recompile pc=0x0000000004f566c8 method=java.util.Collections$SetFromMap.remove(Ljava/lang/Object;)Z @ 5
Event: 30.289 Thread 0x0000000027af5800 Uncommon trap: reason=class_check action=maybe_recompile pc=0x0000000004f566c8 method=java.util.Collections$SetFromMap.remove(Ljava/lang/Object;)Z @ 5
Event: 30.289 Thread 0x0000000027af2800 Uncommon trap: reason=class_check action=maybe_recompile pc=0x0000000003d46aa0 method=com.google.common.collect.SingletonImmutableSet.contains(Ljava/lang/Object;)Z @ 5
Event: 30.289 Thread 0x0000000027af2800 Uncommon trap: reason=class_check action=maybe_recompile pc=0x0000000003d46aa0 method=com.google.common.collect.SingletonImmutableSet.contains(Ljava/lang/Object;)Z @ 5
Event: 30.318 Thread 0x0000000027af2800 Uncommon trap: reason=unstable_if action=reinterpret pc=0x0000000005fe16a8 method=java.net.URI$Parser.scanIPv4Address(IIZ)I @ 28
Event: 30.394 Thread 0x0000000027af2800 Uncommon trap: reason=class_check action=maybe_recompile pc=0x0000000005fcc234 method=org.gradle.internal.metaobject.BeanDynamicObject$MetaClassAdapter.getProperty(Ljava/lang/String;)Lorg/gradle/internal/metaobject/DynamicInvokeResult; @ 34
Event: 30.406 Thread 0x0000000027af2800 Uncommon trap: reason=unstable_if action=reinterpret pc=0x000000000404ad04 method=org.apache.commons.io.FilenameUtils.doNormalize(Ljava/lang/String;CZ)Ljava/lang/String; @ 219

Classes redefined (0 events):
No events

Internal exceptions (10 events):
Event: 30.254 Thread 0x0000000027af5800 Exception <a 'java/lang/ClassNotFoundException': org/gradle/language/jvm/tasks/ProcessResourcesBeanInfo> (0x00000000e07840c8) thrown at [C:\re\workspace\8-2-build-windows-amd64-cygwin\jdk8u181\11358\hotspot\src\share\vm\classfile\systemDictionary.cpp, lin
Event: 30.255 Thread 0x0000000027af5800 Exception <a 'java/lang/ClassNotFoundException': org/gradle/api/tasks/CopyBeanInfo> (0x00000000e0794a00) thrown at [C:\re\workspace\8-2-build-windows-amd64-cygwin\jdk8u181\11358\hotspot\src\share\vm\classfile\systemDictionary.cpp, line 210]
Event: 30.256 Thread 0x0000000027af5800 Exception <a 'java/lang/ClassNotFoundException': org/gradle/api/tasks/CopyCustomizer> (0x00000000e07a64d0) thrown at [C:\re\workspace\8-2-build-windows-amd64-cygwin\jdk8u181\11358\hotspot\src\share\vm\classfile\systemDictionary.cpp, line 210]
Event: 30.257 Thread 0x0000000027af5800 Exception <a 'java/lang/ClassNotFoundException': org/gradle/language/jvm/tasks/ProcessResourcesCustomizer> (0x00000000e07ec248) thrown at [C:\re\workspace\8-2-build-windows-amd64-cygwin\jdk8u181\11358\hotspot\src\share\vm\classfile\systemDictionary.cpp, l
Event: 30.259 Thread 0x0000000027af5800 Exception <a 'java/lang/ClassNotFoundException': org/gradle/language/jvm/tasks/ProcessResources_DecoratedCustomizer> (0x00000000e08311c0) thrown at [C:\re\workspace\8-2-build-windows-amd64-cygwin\jdk8u181\11358\hotspot\src\share\vm\classfile\systemDiction
Event: 30.278 Thread 0x000000001d75a800 Exception <a 'java/lang/NoSuchMethodError': <clinit>> (0x00000000e0c455c0) thrown at [C:\re\workspace\8-2-build-windows-amd64-cygwin\jdk8u181\11358\hotspot\src\share\vm\prims\jni.cpp, line 1613]
Event: 30.285 Thread 0x0000000027af5800 Exception <a 'java/lang/ClassNotFoundException': org/gradle/api/DefaultTask_DecoratedBeanInfo> (0x00000000e098b1d8) thrown at [C:\re\workspace\8-2-build-windows-amd64-cygwin\jdk8u181\11358\hotspot\src\share\vm\classfile\systemDictionary.cpp, line 210]
Event: 30.286 Thread 0x0000000027af5800 Exception <a 'java/lang/ClassNotFoundException': org/gradle/api/DefaultTask_DecoratedCustomizer> (0x00000000e099f660) thrown at [C:\re\workspace\8-2-build-windows-amd64-cygwin\jdk8u181\11358\hotspot\src\share\vm\classfile\systemDictionary.cpp, line 210]
Event: 30.306 Thread 0x0000000027af2800 Exception <a 'java/lang/ClassNotFoundException': com/intellij/openapi/externalSystem/rt/execution/ForkedDebuggerHelperBeanInfo> (0x00000000e0c94298) thrown at [C:\re\workspace\8-2-build-windows-amd64-cygwin\jdk8u181\11358\hotspot\src\share\vm\classfile\sy
Event: 30.307 Thread 0x0000000027af2800 Exception <a 'java/lang/ClassNotFoundException': com/intellij/openapi/externalSystem/rt/execution/ForkedDebuggerHelperCustomizer> (0x00000000e0ca5e30) thrown at [C:\re\workspace\8-2-build-windows-amd64-cygwin\jdk8u181\11358\hotspot\src\share\vm\classfile\

Events (10 events):
Event: 30.517 Thread 0x000000001aac8000 flushing nmethod 0x000000000578ef10
Event: 30.517 Thread 0x000000001aac8000 flushing nmethod 0x00000000057a6a10
Event: 30.519 Thread 0x000000001aac8000 flushing nmethod 0x00000000059b8e50
Event: 30.531 Thread 0x000000001aac8000 flushing nmethod 0x0000000005be9310
Event: 30.531 Thread 0x000000001aac8000 flushing nmethod 0x0000000005bed010
Event: 30.531 Thread 0x000000001aac8000 flushing nmethod 0x0000000005bee650
Event: 30.531 Thread 0x000000001aac8000 flushing nmethod 0x0000000005c03910
Event: 30.531 Thread 0x000000001aac8000 flushing nmethod 0x0000000005c1aa10
Event: 30.531 Thread 0x000000001aac8000 flushing nmethod 0x0000000005c1d910
Event: 30.531 Thread 0x000000001aac8000 flushing nmethod 0x0000000005c206d0


Dynamic libraries:
0x00007ff60ef60000 - 0x00007ff60ef97000 	C:\Program Files\Java\jdk1.8.0_181\bin\java.exe
0x00007ff937d10000 - 0x00007ff937ef1000 	C:\Windows\SYSTEM32\ntdll.dll
0x00007ff935250000 - 0x00007ff935301000 	C:\Windows\System32\KERNEL32.DLL
0x00007ff9348e0000 - 0x00007ff934b53000 	C:\Windows\System32\KERNELBASE.dll
0x00007ff9359d0000 - 0x00007ff935a71000 	C:\Windows\System32\ADVAPI32.dll
0x00007ff935b30000 - 0x00007ff935bce000 	C:\Windows\System32\msvcrt.dll
0x00007ff9351f0000 - 0x00007ff93524b000 	C:\Windows\System32\sechost.dll
0x00007ff9357d0000 - 0x00007ff9358f4000 	C:\Windows\System32\RPCRT4.dll
0x00007ff937ad0000 - 0x00007ff937c60000 	C:\Windows\System32\USER32.dll
0x00007ff935040000 - 0x00007ff935060000 	C:\Windows\System32\win32u.dll
0x00007ff937aa0000 - 0x00007ff937ac8000 	C:\Windows\System32\GDI32.dll
0x00007ff934b60000 - 0x00007ff934cf1000 	C:\Windows\System32\gdi32full.dll
0x00007ff9340d0000 - 0x00007ff93416f000 	C:\Windows\System32\msvcp_win.dll
0x00007ff934ef0000 - 0x00007ff934fe8000 	C:\Windows\System32\ucrtbase.dll
0x00007ff9234f0000 - 0x00007ff923759000 	C:\Windows\WinSxS\amd64_microsoft.windows.common-controls_6595b64144ccf1df_6.0.17134.1246_none_d3ffb9d77c90723d\COMCTL32.dll
0x00007ff9354a0000 - 0x00007ff9357c1000 	C:\Windows\System32\combase.dll
0x00007ff935110000 - 0x00007ff935189000 	C:\Windows\System32\bcryptPrimitives.dll
0x00007ff935a90000 - 0x00007ff935abd000 	C:\Windows\System32\IMM32.DLL
0x00007ff907ba0000 - 0x00007ff908010000 	C:\Program Files\McAfee\DLP\Agent\fcagafa64.dll
0x00007ff937490000 - 0x00007ff9375e1000 	C:\Windows\System32\ole32.dll
0x00007ff933f40000 - 0x00007ff933f70000 	C:\Windows\SYSTEM32\SspiCli.dll
0x00007ff9330a0000 - 0x00007ff9330d1000 	C:\Windows\SYSTEM32\ntmarta.dll
0x00007ff909da0000 - 0x00007ff90a43b000 	C:\Program Files\McAfee\DLP\Agent\fcagpph64.dll
0x00007ff935d70000 - 0x00007ff9371b5000 	C:\Windows\System32\SHELL32.dll
0x00007ff934ff0000 - 0x00007ff935039000 	C:\Windows\System32\cfgmgr32.dll
0x00007ff9371c0000 - 0x00007ff937269000 	C:\Windows\System32\shcore.dll
0x00007ff934170000 - 0x00007ff934880000 	C:\Windows\System32\windows.storage.dll
0x00007ff937a40000 - 0x00007ff937a91000 	C:\Windows\System32\shlwapi.dll
0x00007ff934090000 - 0x00007ff9340a1000 	C:\Windows\System32\kernel.appcore.dll
0x00007ff934010000 - 0x00007ff93402f000 	C:\Windows\System32\profapi.dll
0x00007ff934040000 - 0x00007ff93408c000 	C:\Windows\System32\powrprof.dll
0x00007ff934030000 - 0x00007ff93403a000 	C:\Windows\System32\FLTLIB.DLL
0x00007ff9373c0000 - 0x00007ff937482000 	C:\Windows\System32\OLEAUT32.dll
0x00007ff923460000 - 0x00007ff9234e5000 	C:\Windows\SYSTEM32\WINSPOOL.DRV
0x00007ff923770000 - 0x00007ff92377a000 	C:\Windows\SYSTEM32\VERSION.dll
0x00007ff92eed0000 - 0x00007ff92f085000 	C:\Windows\SYSTEM32\PROPSYS.dll
0x00007ff9335e0000 - 0x00007ff933618000 	C:\Windows\SYSTEM32\IPHLPAPI.DLL
0x00007ff933b70000 - 0x00007ff933b95000 	C:\Windows\SYSTEM32\bcrypt.dll
0x00007ff910670000 - 0x00007ff910714000 	C:\Program Files\McAfee\Endpoint Security\Threat Prevention\Ips\EpMPApi.dll
0x00007ff934880000 - 0x00007ff9348d7000 	C:\Windows\System32\WINTRUST.dll
0x00007ff9340b0000 - 0x00007ff9340c2000 	C:\Windows\System32\MSASN1.dll
0x0000000003170000 - 0x0000000003352000 	C:\Windows\System32\CRYPT32.dll
0x000000006dfb0000 - 0x000000006dfbc000 	C:\Program Files\McAfee\Endpoint Security\Threat Prevention\Ips\EpMPThe.dll
0x00007ff913ae0000 - 0x00007ff913b39000 	C:\Program Files\McAfee\Endpoint Security\Threat Prevention\Ips\HIPHandlers64.dll
0x00007ff92fa30000 - 0x00007ff92fbf9000 	C:\Windows\SYSTEM32\dbghelp.dll
0x000000006d000000 - 0x000000006d0d2000 	C:\Program Files\Java\jdk1.8.0_181\jre\bin\msvcr100.dll
0x000000006b870000 - 0x000000006c112000 	C:\Program Files\Java\jdk1.8.0_181\jre\bin\server\jvm.dll
0x00007ff935a80000 - 0x00007ff935a88000 	C:\Windows\System32\PSAPI.DLL
0x00007ff9212b0000 - 0x00007ff9212b9000 	C:\Windows\SYSTEM32\WSOCK32.dll
0x00007ff935ac0000 - 0x00007ff935b2c000 	C:\Windows\System32\WS2_32.dll
0x00007ff92c0c0000 - 0x00007ff92c0e3000 	C:\Windows\SYSTEM32\WINMM.dll
0x00007ff92c090000 - 0x00007ff92c0ba000 	C:\Windows\SYSTEM32\WINMMBASE.dll
0x000000006cff0000 - 0x000000006cfff000 	C:\Program Files\Java\jdk1.8.0_181\jre\bin\verify.dll
0x000000006cfc0000 - 0x000000006cfe9000 	C:\Program Files\Java\jdk1.8.0_181\jre\bin\java.dll
0x000000006d7f0000 - 0x000000006d825000 	C:\Program Files\Java\jdk1.8.0_181\jre\bin\jdwp.dll
0x000000006d7e0000 - 0x000000006d7e8000 	C:\Program Files\Java\jdk1.8.0_181\jre\bin\npt.dll
0x000000006cfa0000 - 0x000000006cfb6000 	C:\Program Files\Java\jdk1.8.0_181\jre\bin\zip.dll
0x000000006d7d0000 - 0x000000006d7d9000 	C:\Program Files\Java\jdk1.8.0_181\jre\bin\dt_socket.dll
0x00007ff933890000 - 0x00007ff9338f6000 	C:\Windows\system32\mswsock.dll
0x000000006cf80000 - 0x000000006cf9a000 	C:\Program Files\Java\jdk1.8.0_181\jre\bin\net.dll
0x000000006cf60000 - 0x000000006cf71000 	C:\Program Files\Java\jdk1.8.0_181\jre\bin\nio.dll
0x00007ff915630000 - 0x00007ff915657000 	C:\Users\ly-jiangxh\.gradle\native\c976cfcca226fdd4bee4412e95191dd41148b7504f9625baeda1d523bc39a967\windows-amd64\native-platform.dll
0x000000006d3b0000 - 0x000000006d3bd000 	C:\Program Files\Java\jdk1.8.0_181\jre\bin\management.dll
0x00007ff933a40000 - 0x00007ff933a57000 	C:\Windows\SYSTEM32\CRYPTSP.dll
0x00007ff933440000 - 0x00007ff933473000 	C:\Windows\system32\rsaenh.dll
0x00007ff933f10000 - 0x00007ff933f38000 	C:\Windows\SYSTEM32\USERENV.dll
0x00007ff933a60000 - 0x00007ff933a6b000 	C:\Windows\SYSTEM32\CRYPTBASE.dll
0x00007ff935490000 - 0x00007ff935498000 	C:\Windows\System32\NSI.dll
0x00007ff92c8e0000 - 0x00007ff92c8f6000 	C:\Windows\SYSTEM32\dhcpcsvc6.DLL
0x00007ff92c8c0000 - 0x00007ff92c8da000 	C:\Windows\SYSTEM32\dhcpcsvc.DLL

VM Arguments:
jvm_args: -XX:MaxPermSize=2048m -XX:+HeapDumpOnOutOfMemoryError -agentlib:jdwp=transport=dt_socket,server=n,suspend=y,address=58647 -Xmx2048m -Dfile.encoding=UTF-8 -Duser.country=CN -Duser.language=zh -Duser.variant 
java_command: org.gradle.launcher.daemon.bootstrap.GradleDaemon 6.3
java_class_path (initial): D:\jxh\soft\gradle-6.3-bin\gradle-6.3\lib\gradle-launcher-6.3.jar
Launcher Type: SUN_STANDARD

Environment Variables:
JAVA_HOME=C:\Program Files\Java\jdk1.8.0_181
PATH=C:\Program Files (x86)\Common Files\NetSarang;C:\Program Files (x86)\Common Files\Oracle\Java\javapath;C:\Program Files (x86)\Intel\Intel(R) Management Engine Components\iCLS\;C:\Program Files\Intel\Intel(R) Management Engine Components\iCLS\;C:\Windows\system32;C:\Windows;C:\Windows\System32\Wbem;C:\Windows\System32\WindowsPowerShell\v1.0\;C:\Windows\System32\OpenSSH\;C:\Program Files (x86)\Intel\Intel(R) Management Engine Components\DAL;C:\Program Files\Intel\Intel(R) Management Engine Components\DAL;C:\Program Files\Intel\WiFi\bin\;C:\Program Files\Common Files\Intel\WirelessCommon\;C:\Program Files\TortoiseSVN\bin;C:\Users\ly-jiangxh\AppData\Local\Microsoft\WindowsApps;C:\Users\ly-jiangxh\AppData\Local\Programs\Microsoft VS Code\bin;C:\Users\ly-jiangxh\AppData\Local\Programs\Fiddler;C:\Program Files\Java\jdk1.8.0_181\bin;D:\jxh\soft\gradle-6.3-bin\gradle-6.3\bin;C:\Users\ly-jiangxh\AppData\Local\Programs\Git\cmd;D:\jxh\soft\node-v12.18.4-win-x64\;D:\jxh\soft\nginx-1.19.2;
USERNAME=ly-jiangxh
OS=Windows_NT
PROCESSOR_IDENTIFIER=Intel64 Family 6 Model 142 Stepping 10, GenuineIntel



---------------  S Y S T E M  ---------------

OS: Windows 10.0 , 64 bit Build 17134 (10.0.17134.753)

CPU:total 8 (initial active 8) (4 cores per cpu, 2 threads per core) family 6 model 142 stepping 10, cmov, cx8, fxsr, mmx, sse, sse2, sse3, ssse3, sse4.1, sse4.2, popcnt, avx, avx2, aes, clmul, erms, 3dnowpref, lzcnt, ht, tsc, tscinvbit, bmi1, bmi2, adx

Memory: 4k page, physical 8244552k(459648k free), swap 28775876k(7348k free)

vm_info: Java HotSpot(TM) 64-Bit Server VM (25.181-b13) for windows-amd64 JRE (1.8.0_181-b13), built on Jul  7 2018 04:01:33 by "java_re" with MS VC++ 10.0 (VS2010)

time: Mon Jul 05 18:15:23 2021
elapsed time: 30 seconds (0d 0h 0m 30s)

