#
# There is insufficient memory for the Java Runtime Environment to continue.
# Native memory allocation (malloc) failed to allocate 1048576 bytes for AllocateHeap
# Possible reasons:
#   The system is out of physical RAM or swap space
#   In 32 bit mode, the process size limit was hit
# Possible solutions:
#   Reduce memory load on the system
#   Increase physical memory or swap space
#   Check if swap backing store is full
#   Use 64 bit Java on a 64 bit OS
#   Decrease Java heap size (-Xmx/-Xms)
#   Decrease number of Java threads
#   Decrease Java thread stack sizes (-Xss)
#   Set larger code cache with -XX:ReservedCodeCacheSize=
# This output file may be truncated or incomplete.
#
#  Out of Memory Error (memory/allocation.inline.hpp:61), pid=47440, tid=0x000000000000aaa4
#
# JRE version:  (8.0_181-b13) (build )
# Java VM: Java HotSpot(TM) 64-Bit Server VM (25.181-b13 mixed mode windows-amd64 compressed oops)
# Failed to write core dump. Minidumps are not enabled by default on client versions of Windows
#

---------------  T H R E A D  ---------------

Current thread (0x0000000003cc4000):  JavaThread "Unknown thread" [_thread_in_vm, id=43684, stack(0x00000000039d0000,0x0000000003ad0000)]

Stack: [0x00000000039d0000,0x0000000003ad0000]
[error occurred during error reporting (printing stack bounds), id 0xc0000005]

Native frames: (J=compiled Java code, j=interpreted, Vv=VM code, C=native code)


---------------  P R O C E S S  ---------------

Java Threads: ( => current thread )

Other Threads:

=>0x0000000003cc4000 (exited) JavaThread "Unknown thread" [_thread_in_vm, id=43684, stack(0x00000000039d0000,0x0000000003ad0000)]

VM state:not at safepoint (normal execution)

VM Mutex/Monitor currently owned by a thread: None

Heap:
 PSYoungGen      total 37888K, used 655K [0x00000000d6100000, 0x00000000d8b00000, 0x0000000100000000)
  eden space 32768K, 2% used [0x00000000d6100000,0x00000000d61a3d80,0x00000000d8100000)
  from space 5120K, 0% used [0x00000000d8600000,0x00000000d8600000,0x00000000d8b00000)
  to   space 5120K, 0% used [0x00000000d8100000,0x00000000d8100000,0x00000000d8600000)
 ParOldGen       total 86016K, used 0K [0x0000000082200000, 0x0000000087600000, 0x00000000d6100000)
  object space 86016K, 0% used [0x0000000082200000,0x0000000082200000,0x0000000087600000)
 Metaspace       used 785K, capacity 4480K, committed 4480K, reserved 1056768K
  class space    used 76K, capacity 384K, committed 384K, reserved 1048576K

Card table byte_map: [0x0000000013180000,0x0000000013570000] byte_map_base: 0x0000000012d6f000

Marking Bits: (ParMarkBitMap*) 0x000000005b1a2d00
 Begin Bits: [0x0000000014010000, 0x0000000015f88000)
 End Bits:   [0x0000000015f88000, 0x0000000017f00000)

Polling page: 0x0000000001230000

CodeCache: size=245760Kb used=328Kb max_used=328Kb free=245431Kb
 bounds [0x0000000003dc0000, 0x0000000004030000, 0x0000000012dc0000]
 total_blobs=58 nmethods=0 adapters=38
 compilation: enabled

Compilation events (0 events):
No events

GC Heap History (0 events):
No events

Deoptimization events (0 events):
No events

Classes redefined (0 events):
No events

Internal exceptions (0 events):
No events

Events (10 events):
Event: 0.075 loading class java/lang/Short
Event: 0.075 loading class java/lang/Short done
Event: 0.075 loading class java/lang/Integer
Event: 0.075 loading class java/lang/Integer done
Event: 0.075 loading class java/lang/Long
Event: 0.075 loading class java/lang/Long done
Event: 0.076 loading class java/lang/NullPointerException
Event: 0.076 loading class java/lang/NullPointerException done
Event: 0.076 loading class java/lang/ArithmeticException
Event: 0.076 loading class java/lang/ArithmeticException done


Dynamic libraries:
0x00007ff67f870000 - 0x00007ff67f8a7000 	C:\Program Files\Java\jdk1.8.0_181\bin\java.exe
0x00007ffe44070000 - 0x00007ffe44251000 	C:\Windows\SYSTEM32\ntdll.dll
0x00007ffe41f80000 - 0x00007ffe42031000 	C:\Windows\System32\KERNEL32.DLL
0x00007ffe40770000 - 0x00007ffe409e3000 	C:\Windows\System32\KERNELBASE.dll
0x00007ffe419b0000 - 0x00007ffe41a51000 	C:\Windows\System32\ADVAPI32.dll
0x00007ffe41d70000 - 0x00007ffe41e0e000 	C:\Windows\System32\msvcrt.dll
0x00007ffe41950000 - 0x00007ffe419ab000 	C:\Windows\System32\sechost.dll
0x00007ffe41770000 - 0x00007ffe41894000 	C:\Windows\System32\RPCRT4.dll
0x00007ffe415e0000 - 0x00007ffe41770000 	C:\Windows\System32\USER32.dll
0x00007ffe40750000 - 0x00007ffe40770000 	C:\Windows\System32\win32u.dll
0x00007ffe43af0000 - 0x00007ffe43b18000 	C:\Windows\System32\GDI32.dll
0x00007ffe40530000 - 0x00007ffe406c1000 	C:\Windows\System32\gdi32full.dll
0x00007ffe40430000 - 0x00007ffe404cf000 	C:\Windows\System32\msvcp_win.dll
0x00007ffe409f0000 - 0x00007ffe40ae8000 	C:\Windows\System32\ucrtbase.dll
0x00007ffe2e550000 - 0x00007ffe2e7b9000 	C:\Windows\WinSxS\amd64_microsoft.windows.common-controls_6595b64144ccf1df_6.0.17134.1246_none_d3ffb9d77c90723d\COMCTL32.dll
0x00007ffe420a0000 - 0x00007ffe423c1000 	C:\Windows\System32\combase.dll
0x00007ffe406d0000 - 0x00007ffe40749000 	C:\Windows\System32\bcryptPrimitives.dll
0x00007ffe43ac0000 - 0x00007ffe43aed000 	C:\Windows\System32\IMM32.DLL
0x00007ffe0af80000 - 0x00007ffe0b3f0000 	C:\Program Files\McAfee\DLP\Agent\fcagafa64.dll
0x00007ffe41e20000 - 0x00007ffe41f71000 	C:\Windows\System32\ole32.dll
0x00007ffe402a0000 - 0x00007ffe402d0000 	C:\Windows\SYSTEM32\SspiCli.dll
0x00007ffe3f3f0000 - 0x00007ffe3f421000 	C:\Windows\SYSTEM32\ntmarta.dll
0x00007ffe0b3f0000 - 0x00007ffe0ba8b000 	C:\Program Files\McAfee\DLP\Agent\fcagpph64.dll
0x00007ffe42570000 - 0x00007ffe439b5000 	C:\Windows\System32\SHELL32.dll
0x00007ffe414a0000 - 0x00007ffe414e9000 	C:\Windows\System32\cfgmgr32.dll
0x00007ffe418a0000 - 0x00007ffe41949000 	C:\Windows\System32\shcore.dll
0x0000000002c70000 - 0x0000000003380000 	C:\Windows\System32\windows.storage.dll
0x00007ffe41a90000 - 0x00007ffe41ae1000 	C:\Windows\System32\shlwapi.dll
0x00007ffe403d0000 - 0x00007ffe403e1000 	C:\Windows\System32\kernel.appcore.dll
0x00007ffe403f0000 - 0x00007ffe4040f000 	C:\Windows\System32\profapi.dll
0x00007ffe40370000 - 0x00007ffe403bc000 	C:\Windows\System32\powrprof.dll
0x00007ffe403c0000 - 0x00007ffe403ca000 	C:\Windows\System32\FLTLIB.DLL
0x00007ffe43b20000 - 0x00007ffe43be2000 	C:\Windows\System32\OLEAUT32.dll
0x00007ffe2cdc0000 - 0x00007ffe2ce45000 	C:\Windows\SYSTEM32\WINSPOOL.DRV
0x00007ffe2ee70000 - 0x00007ffe2ee7a000 	C:\Windows\SYSTEM32\VERSION.dll
0x00007ffe3b220000 - 0x00007ffe3b3d5000 	C:\Windows\SYSTEM32\PROPSYS.dll
0x00007ffe3f940000 - 0x00007ffe3f978000 	C:\Windows\SYSTEM32\IPHLPAPI.DLL
0x00007ffe3fed0000 - 0x00007ffe3fef5000 	C:\Windows\SYSTEM32\bcrypt.dll
0x00007ffe08010000 - 0x00007ffe080b4000 	C:\Program Files\McAfee\Endpoint Security\Threat Prevention\Ips\EpMPApi.dll
0x00007ffe404d0000 - 0x00007ffe40527000 	C:\Windows\System32\WINTRUST.dll
0x00007ffe40410000 - 0x00007ffe40422000 	C:\Windows\System32\MSASN1.dll
0x00007ffe412b0000 - 0x00007ffe41492000 	C:\Windows\System32\CRYPT32.dll
0x000000005d020000 - 0x000000005d02c000 	C:\Program Files\McAfee\Endpoint Security\Threat Prevention\Ips\EpMPThe.dll
0x00007ffe25af0000 - 0x00007ffe25b48000 	C:\Program Files\McAfee\Endpoint Security\Threat Prevention\Ips\HIPHandlers64.dll
0x00007ffe3bd80000 - 0x00007ffe3bf49000 	C:\Windows\SYSTEM32\dbghelp.dll
0x000000005bae0000 - 0x000000005bbb2000 	C:\Program Files\Java\jdk1.8.0_181\jre\bin\msvcr100.dll
0x000000005a980000 - 0x000000005b222000 	C:\Program Files\Java\jdk1.8.0_181\jre\bin\server\jvm.dll
0x00007ffe41e10000 - 0x00007ffe41e18000 	C:\Windows\System32\PSAPI.DLL
0x00007ffe30060000 - 0x00007ffe30069000 	C:\Windows\SYSTEM32\WSOCK32.dll
0x00007ffe439d0000 - 0x00007ffe43a3c000 	C:\Windows\System32\WS2_32.dll
0x00007ffe38250000 - 0x00007ffe38273000 	C:\Windows\SYSTEM32\WINMM.dll
0x00007ffe38090000 - 0x00007ffe380ba000 	C:\Windows\SYSTEM32\WINMMBASE.dll
0x000000005ca30000 - 0x000000005ca3f000 	C:\Program Files\Java\jdk1.8.0_181\jre\bin\verify.dll
0x000000005ca00000 - 0x000000005ca29000 	C:\Program Files\Java\jdk1.8.0_181\jre\bin\java.dll
0x000000005cd10000 - 0x000000005cd45000 	C:\Program Files\Java\jdk1.8.0_181\jre\bin\jdwp.dll
0x000000005cd80000 - 0x000000005cd88000 	C:\Program Files\Java\jdk1.8.0_181\jre\bin\npt.dll
0x000000005cce0000 - 0x000000005cd03000 	C:\Program Files\Java\jdk1.8.0_181\jre\bin\instrument.dll
0x000000005c9e0000 - 0x000000005c9f6000 	C:\Program Files\Java\jdk1.8.0_181\jre\bin\zip.dll

VM Arguments:
jvm_args: -agentlib:jdwp=transport=dt_socket,address=127.0.0.1:63020,suspend=y,server=n -XX:TieredStopAtLevel=1 -Xverify:none -Dspring.output.ansi.enabled=always -Dcom.sun.management.jmxremote -Dspring.jmx.enabled=true -Dspring.liveBeansView.mbeanDomain -Dspring.application.admin.enabled=true -javaagent:C:\Users\ly-jiangxh\AppData\Local\JetBrains\IntelliJIdea2020.1\groovyHotSwap\gragent.jar -javaagent:C:\Users\ly-jiangxh\AppData\Local\JetBrains\IntelliJIdea2020.1\captureAgent\debugger-agent.jar -Dfile.encoding=UTF-8 
java_command: com.jx.agile.auth.AuthWebApplication
java_class_path (initial): C:\Users\ly-jiangxh\AppData\Local\Temp\classpath939513885.jar;C:\Users\ly-jiangxh\AppData\Local\JetBrains\IntelliJIdea2020.1\groovyHotSwap\gragent.jar;C:\Users\ly-jiangxh\AppData\Local\JetBrains\IntelliJIdea2020.1\captureAgent\debugger-agent.jar
Launcher Type: SUN_STANDARD

Environment Variables:
JAVA_HOME=C:\Program Files\Java\jdk1.8.0_181
PATH=C:\Program Files (x86)\NetSarang\Xshell 7\;C:\Program Files (x86)\Common Files\Oracle\Java\javapath;C:\Program Files (x86)\Intel\Intel(R) Management Engine Components\iCLS\;C:\Program Files\Intel\Intel(R) Management Engine Components\iCLS\;C:\Windows\system32;C:\Windows;C:\Windows\System32\Wbem;C:\Windows\System32\WindowsPowerShell\v1.0\;C:\Windows\System32\OpenSSH\;C:\Program Files (x86)\Intel\Intel(R) Management Engine Components\DAL;C:\Program Files\Intel\Intel(R) Management Engine Components\DAL;C:\Program Files\Intel\WiFi\bin\;C:\Program Files\Common Files\Intel\WirelessCommon\;C:\Program Files\TortoiseSVN\bin;C:\Users\ly-jiangxh\AppData\Local\Microsoft\WindowsApps;C:\Users\ly-jiangxh\AppData\Local\Programs\Microsoft VS Code\bin;C:\Users\ly-jiangxh\AppData\Local\Programs\Fiddler;C:\Program Files\Java\jdk1.8.0_181\bin;D:\jxh\soft\gradle-6.3-bin\gradle-6.3\bin;C:\Users\ly-jiangxh\AppData\Local\Programs\Git\cmd;D:\jxh\soft\node-v12.18.4-win-x64\;D:\jxh\soft\nginx-1.19.2;
USERNAME=ly-jiangxh
OS=Windows_NT
PROCESSOR_IDENTIFIER=Intel64 Family 6 Model 142 Stepping 10, GenuineIntel



---------------  S Y S T E M  ---------------

OS: Windows 10.0 , 64 bit Build 17134 (10.0.17134.753)

CPU:total 8 (initial active 8) (4 cores per cpu, 2 threads per core) family 6 model 142 stepping 10, cmov, cx8, fxsr, mmx, sse, sse2, sse3, ssse3, sse4.1, sse4.2, popcnt, avx, avx2, aes, clmul, erms, 3dnowpref, lzcnt, ht, tsc, tscinvbit, bmi1, bmi2, adx

Memory: 4k page, physical 8244552k(432024k free), swap 28775876k(5712k free)

vm_info: Java HotSpot(TM) 64-Bit Server VM (25.181-b13) for windows-amd64 JRE (1.8.0_181-b13), built on Jul  7 2018 04:01:33 by "java_re" with MS VC++ 10.0 (VS2010)

time: Fri Apr 30 11:16:39 2021
elapsed time: 0 seconds (0d 0h 0m 0s)

